This is pdfTeX, Version 3.14159265-2.6-1.40.16 (TeX Live 2015/Debian) (preloaded format=pdflatex 2017.2.13)  30 JUN 2017 14:14
entering extended mode
 restricted \write18 enabled.
 %&-line parsing enabled.
**report.tex
(./report.tex
LaTeX2e <2016/02/01>
Babel <3.9q> and hyphenation patterns for 3 language(s) loaded.
(/usr/share/texlive/texmf-dist/tex/latex/base/article.cls
Document Class: article 2014/09/29 v1.4h Standard LaTeX document class
(/usr/share/texlive/texmf-dist/tex/latex/base/size12.clo
File: size12.clo 2014/09/29 v1.4h Standard LaTeX file (size option)
)
\c@part=\count79
\c@section=\count80
\c@subsection=\count81
\c@subsubsection=\count82
\c@paragraph=\count83
\c@subparagraph=\count84
\c@figure=\count85
\c@table=\count86
\abovecaptionskip=\skip41
\belowcaptionskip=\skip42
\bibindent=\dimen102
)
(/usr/share/texlive/texmf-dist/tex/latex/graphics/graphicx.sty
Package: graphicx 2014/10/28 v1.0g Enhanced LaTeX Graphics (DPC,SPQR)

(/usr/share/texlive/texmf-dist/tex/latex/graphics/keyval.sty
Package: keyval 2014/10/28 v1.15 key=value parser (DPC)
\KV@toks@=\toks14
)
(/usr/share/texlive/texmf-dist/tex/latex/graphics/graphics.sty
Package: graphics 2016/01/03 v1.0q Standard LaTeX Graphics (DPC,SPQR)

(/usr/share/texlive/texmf-dist/tex/latex/graphics/trig.sty
Package: trig 2016/01/03 v1.10 sin cos tan (DPC)
)
(/usr/share/texlive/texmf-dist/tex/latex/latexconfig/graphics.cfg
File: graphics.cfg 2010/04/23 v1.9 graphics configuration of TeX Live
)
Package graphics Info: Driver file: pdftex.def on input line 95.

(/usr/share/texlive/texmf-dist/tex/latex/pdftex-def/pdftex.def
File: pdftex.def 2011/05/27 v0.06d Graphics/color for pdfTeX

(/usr/share/texlive/texmf-dist/tex/generic/oberdiek/infwarerr.sty
Package: infwarerr 2010/04/08 v1.3 Providing info/warning/error messages (HO)
)
(/usr/share/texlive/texmf-dist/tex/generic/oberdiek/ltxcmds.sty
Package: ltxcmds 2011/11/09 v1.22 LaTeX kernel commands for general use (HO)
)
\Gread@gobject=\count87
))
\Gin@req@height=\dimen103
\Gin@req@width=\dimen104
)
(/usr/share/texlive/texmf-dist/tex/latex/caption/subcaption.sty
Package: subcaption 2016/02/20 v1.1-142 Sub-captions (AR)

(/usr/share/texlive/texmf-dist/tex/latex/caption/caption.sty
Package: caption 2016/02/21 v3.3-144 Customizing captions (AR)

(/usr/share/texlive/texmf-dist/tex/latex/caption/caption3.sty
Package: caption3 2016/02/04 v1.7-139 caption3 kernel (AR)
Package caption3 Info: TeX engine: e-TeX on input line 67.
\captionmargin=\dimen105
\captionmargin@=\dimen106
\captionwidth=\dimen107
\caption@tempdima=\dimen108
\caption@indent=\dimen109
\caption@parindent=\dimen110
\caption@hangindent=\dimen111
)
\c@ContinuedFloat=\count88
)
\c@subfigure=\count89
\c@subtable=\count90
)
(/usr/share/texlive/texmf-dist/tex/latex/graphics/color.sty
Package: color 2016/01/03 v1.1b Standard LaTeX Color (DPC)

(/usr/share/texlive/texmf-dist/tex/latex/latexconfig/color.cfg
File: color.cfg 2007/01/18 v1.5 color configuration of teTeX/TeXLive
)
Package color Info: Driver file: pdftex.def on input line 143.

(/usr/share/texlive/texmf-dist/tex/latex/graphics/dvipsnam.def
File: dvipsnam.def 2015/12/30 v3.0k Driver-dependent file (DPC,SPQR)
))
(/usr/share/texlive/texmf-dist/tex/latex/natbib/natbib.sty
Package: natbib 2010/09/13 8.31b (PWD, AO)
\bibhang=\skip43
\bibsep=\skip44
LaTeX Info: Redefining \cite on input line 694.
\c@NAT@ctr=\count91
)
No file report.aux.
\openout1 = `report.aux'.

LaTeX Font Info:    Checking defaults for OML/cmm/m/it on input line 41.
LaTeX Font Info:    ... okay on input line 41.
LaTeX Font Info:    Checking defaults for T1/cmr/m/n on input line 41.
LaTeX Font Info:    ... okay on input line 41.
LaTeX Font Info:    Checking defaults for OT1/cmr/m/n on input line 41.
LaTeX Font Info:    ... okay on input line 41.
LaTeX Font Info:    Checking defaults for OMS/cmsy/m/n on input line 41.
LaTeX Font Info:    ... okay on input line 41.
LaTeX Font Info:    Checking defaults for OMX/cmex/m/n on input line 41.
LaTeX Font Info:    ... okay on input line 41.
LaTeX Font Info:    Checking defaults for U/cmr/m/n on input line 41.
LaTeX Font Info:    ... okay on input line 41.
(/usr/share/texlive/texmf-dist/tex/context/base/supp-pdf.mkii
[Loading MPS to PDF converter (version 2006.09.02).]
\scratchcounter=\count92
\scratchdimen=\dimen112
\scratchbox=\box26
\nofMPsegments=\count93
\nofMParguments=\count94
\everyMPshowfont=\toks15
\MPscratchCnt=\count95
\MPscratchDim=\dimen113
\MPnumerator=\count96
\makeMPintoPDFobject=\count97
\everyMPtoPDFconversion=\toks16
) (/usr/share/texlive/texmf-dist/tex/generic/oberdiek/pdftexcmds.sty
Package: pdftexcmds 2011/11/29 v0.20 Utility functions of pdfTeX for LuaTeX (HO
)

(/usr/share/texlive/texmf-dist/tex/generic/oberdiek/ifluatex.sty
Package: ifluatex 2010/03/01 v1.3 Provides the ifluatex switch (HO)
Package ifluatex Info: LuaTeX not detected.
)
(/usr/share/texlive/texmf-dist/tex/generic/oberdiek/ifpdf.sty
Package: ifpdf 2011/01/30 v2.3 Provides the ifpdf switch (HO)
Package ifpdf Info: pdfTeX in PDF mode is detected.
)
Package pdftexcmds Info: LuaTeX not detected.
Package pdftexcmds Info: \pdf@primitive is available.
Package pdftexcmds Info: \pdf@ifprimitive is available.
Package pdftexcmds Info: \pdfdraftmode found.
)
(/usr/share/texlive/texmf-dist/tex/latex/oberdiek/epstopdf-base.sty
Package: epstopdf-base 2010/02/09 v2.5 Base part for package epstopdf

(/usr/share/texlive/texmf-dist/tex/latex/oberdiek/grfext.sty
Package: grfext 2010/08/19 v1.1 Manage graphics extensions (HO)

(/usr/share/texlive/texmf-dist/tex/generic/oberdiek/kvdefinekeys.sty
Package: kvdefinekeys 2011/04/07 v1.3 Define keys (HO)
))
(/usr/share/texlive/texmf-dist/tex/latex/oberdiek/kvoptions.sty
Package: kvoptions 2011/06/30 v3.11 Key value format for package options (HO)

(/usr/share/texlive/texmf-dist/tex/generic/oberdiek/kvsetkeys.sty
Package: kvsetkeys 2012/04/25 v1.16 Key value parser (HO)

(/usr/share/texlive/texmf-dist/tex/generic/oberdiek/etexcmds.sty
Package: etexcmds 2011/02/16 v1.5 Avoid name clashes with e-TeX commands (HO)
Package etexcmds Info: Could not find \expanded.
(etexcmds)             That can mean that you are not using pdfTeX 1.50 or
(etexcmds)             that some package has redefined \expanded.
(etexcmds)             In the latter case, load this package earlier.
)))
Package grfext Info: Graphics extension search list:
(grfext)             [.png,.pdf,.jpg,.mps,.jpeg,.jbig2,.jb2,.PNG,.PDF,.JPG,.JPE
G,.JBIG2,.JB2,.eps]
(grfext)             \AppendGraphicsExtensions on input line 452.

(/usr/share/texlive/texmf-dist/tex/latex/latexconfig/epstopdf-sys.cfg
File: epstopdf-sys.cfg 2010/07/13 v1.3 Configuration of (r)epstopdf for TeX Liv
e
))
Package caption Info: Begin \AtBeginDocument code.
Package caption Info: End \AtBeginDocument code.

[1

{/var/lib/texmf/fonts/map/pdftex/updmap/pdftex.map}]
Underfull \hbox (badness 10000) in paragraph at lines 117--118

 []

[1] [2]
No file report.toc.
\tf@toc=\write3
\openout3 = `report.toc'.

No file report.lof.
\tf@lof=\write4
\openout4 = `report.lof'.

(./report.lot
LaTeX Font Info:    External font `cmex10' loaded for size
(Font)              <12> on input line 1.
LaTeX Font Info:    External font `cmex10' loaded for size
(Font)              <8> on input line 1.
LaTeX Font Info:    External font `cmex10' loaded for size
(Font)              <6> on input line 1.
)
\tf@lot=\write5
\openout5 = `report.lot'.

 [3]
Underfull \hbox (badness 10000) in paragraph at lines 153--155

 []


Underfull \hbox (badness 10000) in paragraph at lines 156--157

 []

[4]
Underfull \hbox (badness 10000) in paragraph at lines 158--159

 []


Underfull \hbox (badness 10000) in paragraph at lines 160--161

 []


Underfull \hbox (badness 10000) in paragraph at lines 162--163

 []


Underfull \hbox (badness 10000) in paragraph at lines 164--165

 []

[5] [6]

Package natbib Warning: Citation `kveton2015tight' on page 7 undefined on input
 line 180.


Underfull \hbox (badness 10000) in paragraph at lines 180--181

 []


Underfull \hbox (badness 10000) in paragraph at lines 186--187

 []

[7]
Underfull \hbox (badness 10000) in paragraph at lines 200--201

 []


Underfull \hbox (badness 10000) in paragraph at lines 206--207

 []


Underfull \hbox (badness 10000) in paragraph at lines 210--211

 []


Underfull \hbox (badness 10000) in paragraph at lines 218--219

 []


Underfull \hbox (badness 10000) in paragraph at lines 226--227

 []


Underfull \hbox (badness 10000) in paragraph at lines 228--229

 []


Underfull \hbox (badness 10000) in paragraph at lines 230--231

 []

[8]

Package natbib Warning: Citation `neu2015first' on page 9 undefined on input li
ne 235.


Underfull \hbox (badness 10000) in paragraph at lines 235--236

 []


Underfull \hbox (badness 10000) in paragraph at lines 247--248

 []


Underfull \hbox (badness 10000) in paragraph at lines 253--254

 []


Underfull \hbox (badness 10000) in paragraph at lines 257--258

 []

[9]
Underfull \hbox (badness 10000) in paragraph at lines 261--262

 []


Underfull \hbox (badness 10000) in paragraph at lines 267--268

 []


Underfull \hbox (badness 10000) in paragraph at lines 273--274

 []


Underfull \hbox (badness 10000) in paragraph at lines 279--280

 []


Package natbib Warning: Citation `wen2015efficient' on page 10 undefined on inp
ut line 285.


Package natbib Warning: Citation `thompson1933' on page 10 undefined on input l
ine 285.

[10]
Underfull \hbox (badness 10000) in paragraph at lines 298--299

 []


Underfull \hbox (badness 10000) in paragraph at lines 300--301

 []


Underfull \hbox (badness 10000) in paragraph at lines 303--304

 []

<../plots/basicCombUCB1_100iters.pdf, id=51, 433.62pt x 289.08pt>
File: ../plots/basicCombUCB1_100iters.pdf Graphic file (type pdf)

<use ../plots/basicCombUCB1_100iters.pdf>
Package pdftex.def Info: ../plots/basicCombUCB1_100iters.pdf used on input line
 311.
(pdftex.def)             Requested size: 142.26378pt x 94.8409pt.

Overfull \hbox (13.56306pt too wide) in paragraph at lines 311--312
 [][] 
 []

<../plots/basicCombUCB1_100_200iters.pdf, id=52, 433.62pt x 289.08pt>
File: ../plots/basicCombUCB1_100_200iters.pdf Graphic file (type pdf)

<use ../plots/basicCombUCB1_100_200iters.pdf>
Package pdftex.def Info: ../plots/basicCombUCB1_100_200iters.pdf used on input 
line 316.
(pdftex.def)             Requested size: 142.26378pt x 94.8409pt.

Overfull \hbox (13.56306pt too wide) in paragraph at lines 316--317
 [][] 
 []

<../plots/basicCombUCB1_4000_4100iters.pdf, id=53, 433.62pt x 289.08pt>
File: ../plots/basicCombUCB1_4000_4100iters.pdf Graphic file (type pdf)

<use ../plots/basicCombUCB1_4000_4100iters.pdf>
Package pdftex.def Info: ../plots/basicCombUCB1_4000_4100iters.pdf used on inpu
t line 321.
(pdftex.def)             Requested size: 142.26378pt x 94.8409pt.

Overfull \hbox (13.56306pt too wide) in paragraph at lines 321--322
 [][] 
 []


LaTeX Warning: Reference `fig:combucb1_basic' on page 11 undefined on input lin
e 328.


LaTeX Warning: Reference `fig:combucb1_basic' on page 11 undefined on input lin
e 328.


LaTeX Warning: Reference `fig:combucb1_basic' on page 11 undefined on input lin
e 328.


Underfull \hbox (badness 10000) in paragraph at lines 328--329

 []

[11 <../plots/basicCombUCB1_100iters.pdf> <../plots/basicCombUCB1_100_200iters.
pdf

pdfTeX warning: pdflatex (file ../plots/basicCombUCB1_100_200iters.pdf): PDF in
clusion: multiple pdfs with page group included in a single page
> <../plots/basicCombUCB1_4000_4100iters.pdf

pdfTeX warning: pdflatex (file ../plots/basicCombUCB1_4000_4100iters.pdf): PDF 
inclusion: multiple pdfs with page group included in a single page
>]
Underfull \hbox (badness 10000) in paragraph at lines 330--331

 []


Underfull \hbox (badness 10000) in paragraph at lines 336--337

 []


Underfull \hbox (badness 10000) in paragraph at lines 338--339

 []


Underfull \hbox (badness 10000) in paragraph at lines 340--341

 []


LaTeX Warning: Reference `fig:fpltrix_basic' on page 12 undefined on input line
 342.


Underfull \hbox (badness 10000) in paragraph at lines 342--343

 []


Underfull \hbox (badness 10000) in paragraph at lines 348--349

 []


Underfull \hbox (badness 10000) in paragraph at lines 350--351

 []

<../plots/basicFPL_100iters.pdf, id=168, 433.62pt x 289.08pt>
File: ../plots/basicFPL_100iters.pdf Graphic file (type pdf)

<use ../plots/basicFPL_100iters.pdf>
Package pdftex.def Info: ../plots/basicFPL_100iters.pdf used on input line 356.

(pdftex.def)             Requested size: 142.26378pt x 94.8409pt.

Overfull \hbox (13.56306pt too wide) in paragraph at lines 356--357
 [][] 
 []

<../plots/basicFPL_100_200iters.pdf, id=169, 433.62pt x 289.08pt>
File: ../plots/basicFPL_100_200iters.pdf Graphic file (type pdf)

<use ../plots/basicFPL_100_200iters.pdf>
Package pdftex.def Info: ../plots/basicFPL_100_200iters.pdf used on input line 
360.
(pdftex.def)             Requested size: 142.26378pt x 94.8409pt.

Overfull \hbox (13.56306pt too wide) in paragraph at lines 360--361
 [][] 
 []

<../plots/basicFPL_4000_4100iters.pdf, id=170, 433.62pt x 289.08pt>
File: ../plots/basicFPL_4000_4100iters.pdf Graphic file (type pdf)

<use ../plots/basicFPL_4000_4100iters.pdf>
Package pdftex.def Info: ../plots/basicFPL_4000_4100iters.pdf used on input lin
e 364.
(pdftex.def)             Requested size: 142.26378pt x 94.8409pt.

Overfull \hbox (13.56306pt too wide) in paragraph at lines 364--365
 [][] 
 []

[12]
Underfull \hbox (badness 10000) in paragraph at lines 379--380

 []


Underfull \hbox (badness 10000) in paragraph at lines 381--382

 []


Underfull \hbox (badness 10000) in paragraph at lines 385--386

 []

[13 <../plots/basicFPL_100iters.pdf> <../plots/basicFPL_100_200iters.pdf

pdfTeX warning: pdflatex (file ../plots/basicFPL_100_200iters.pdf): PDF inclusi
on: multiple pdfs with page group included in a single page
> <../plots/basicFPL_4000_4100iters.pdf

pdfTeX warning: pdflatex (file ../plots/basicFPL_4000_4100iters.pdf): PDF inclu
sion: multiple pdfs with page group included in a single page
>]
Underfull \hbox (badness 10000) in paragraph at lines 387--388

 []


Underfull \hbox (badness 10000) in paragraph at lines 395--396

 []


LaTeX Warning: Reference `fig:stochastic_network' on page 14 undefined on input
 line 397.


Underfull \hbox (badness 10000) in paragraph at lines 397--398

 []

<../plots/stoch_network_opt_paths.pdf, id=300, 433.62pt x 289.08pt>
File: ../plots/stoch_network_opt_paths.pdf Graphic file (type pdf)

<use ../plots/stoch_network_opt_paths.pdf>
Package pdftex.def Info: ../plots/stoch_network_opt_paths.pdf used on input lin
e 403.
(pdftex.def)             Requested size: 184.9429pt x 123.29626pt.

<../plots/stoch_network_UCB1.pdf, id=301, 433.62pt x 289.08pt>
File: ../plots/stoch_network_UCB1.pdf Graphic file (type pdf)

<use ../plots/stoch_network_UCB1.pdf>
Package pdftex.def Info: ../plots/stoch_network_UCB1.pdf used on input line 407
.
(pdftex.def)             Requested size: 184.9429pt x 123.29626pt.

<../plots/stoch_network_FPL.pdf, id=302, 433.62pt x 289.08pt>
File: ../plots/stoch_network_FPL.pdf Graphic file (type pdf)

<use ../plots/stoch_network_FPL.pdf>
Package pdftex.def Info: ../plots/stoch_network_FPL.pdf used on input line 411.

(pdftex.def)             Requested size: 184.9429pt x 123.29626pt.

<../plots/stoch_network_CombLinTS.pdf, id=303, 433.62pt x 289.08pt>
File: ../plots/stoch_network_CombLinTS.pdf Graphic file (type pdf)

<use ../plots/stoch_network_CombLinTS.pdf>
Package pdftex.def Info: ../plots/stoch_network_CombLinTS.pdf used on input lin
e 415.
(pdftex.def)             Requested size: 184.9429pt x 123.29626pt.

Underfull \hbox (badness 10000) in paragraph at lines 424--425

 []


LaTeX Warning: Reference `fig:adv_net1' on page 14 undefined on input line 428.



LaTeX Warning: Reference `fig:adv_net1a' on page 14 undefined on input line 428
.


LaTeX Warning: Reference `fig:adv_net1b' on page 14 undefined on input line 428
.


Underfull \hbox (badness 10000) in paragraph at lines 428--429

 []

[14] <../plots/path_means1.png, id=307, 1016.79875pt x 314.17375pt>
File: ../plots/path_means1.png Graphic file (type png)

<use ../plots/path_means1.png>
Package pdftex.def Info: ../plots/path_means1.png used on input line 434.
(pdftex.def)             Requested size: 398.33858pt x 123.07855pt.

Overfull \hbox (8.33858pt too wide) in paragraph at lines 434--435
 [][] 
 []

<../plots/path_means2.png, id=308, 1015.795pt x 319.1925pt>
File: ../plots/path_means2.png Graphic file (type png)

<use ../plots/path_means2.png>
Package pdftex.def Info: ../plots/path_means2.png used on input line 437.
(pdftex.def)             Requested size: 398.33858pt x 125.16643pt.

Overfull \hbox (8.33858pt too wide) in paragraph at lines 437--438
 [][] 
 []


LaTeX Warning: Reference `fig:adv_net2' on page 15 undefined on input line 448.



Underfull \hbox (badness 10000) in paragraph at lines 448--449

 []

<../plots/path_means3.png, id=309, 1015.795pt x 318.18875pt>
File: ../plots/path_means3.png Graphic file (type png)

<use ../plots/path_means3.png>
Package pdftex.def Info: ../plots/path_means3.png used on input line 454.
(pdftex.def)             Requested size: 398.33858pt x 124.77283pt.

Overfull \hbox (8.33858pt too wide) in paragraph at lines 454--455
 [][] 
 []

<../plots/path_means4.png, id=310, 1015.795pt x 318.18875pt>
File: ../plots/path_means4.png Graphic file (type png)

<use ../plots/path_means4.png>
Package pdftex.def Info: ../plots/path_means4.png used on input line 457.
(pdftex.def)             Requested size: 398.33858pt x 124.77283pt.

Overfull \hbox (8.33858pt too wide) in paragraph at lines 457--458
 [][] 
 []

[15 <../plots/stoch_network_opt_paths.pdf> <../plots/stoch_network_UCB1.pdf

pdfTeX warning: pdflatex (file ../plots/stoch_network_UCB1.pdf): PDF inclusion:
 multiple pdfs with page group included in a single page
> <../plots/stoch_network_FPL.pdf

pdfTeX warning: pdflatex (file ../plots/stoch_network_FPL.pdf): PDF inclusion: 
multiple pdfs with page group included in a single page
> <../plots/stoch_network_CombLinTS.pdf

pdfTeX warning: pdflatex (file ../plots/stoch_network_CombLinTS.pdf): PDF inclu
sion: multiple pdfs with page group included in a single page
>]
Underfull \hbox (badness 10000) in paragraph at lines 469--470

 []


Underfull \hbox (badness 10000) in paragraph at lines 471--472

 []

[16 <../plots/path_means1.png> <../plots/path_means2.png>]
Underfull \hbox (badness 10000) in paragraph at lines 473--474

 []


Underfull \hbox (badness 10000) in paragraph at lines 480--480
[]\OT1/cmr/m/n/12 Optimal
 []


Overfull \hbox (4.93831pt too wide) in paragraph at lines 480--480
[]\OT1/cmr/m/n/12 CombUCB1| 
 []


Overfull \hbox (5.59525pt too wide) in paragraph at lines 480--481
[]\OT1/cmr/m/n/12 CombLinTS| 
 []


Underfull \hbox (badness 10000) in paragraph at lines 505--506

 []

[17 <../plots/path_means3.png> <../plots/path_means4.png>]

LaTeX Warning: Reference `fig:cumul_costs' on page 18 undefined on input line 5
07.


Underfull \hbox (badness 10000) in paragraph at lines 507--508

 []

[18] <../plots/advers_net2_cumul_costs.jpg, id=461, 433.62pt x 289.08pt>
File: ../plots/advers_net2_cumul_costs.jpg Graphic file (type jpg)

<use ../plots/advers_net2_cumul_costs.jpg>
Package pdftex.def Info: ../plots/advers_net2_cumul_costs.jpg used on input lin
e 511.
(pdftex.def)             Requested size: 284.52756pt x 189.69504pt.

Underfull \hbox (badness 10000) in paragraph at lines 516--517

 []

[19 <../plots/advers_net2_cumul_costs.jpg>]
Underfull \hbox (badness 10000) in paragraph at lines 527--528

 []


Underfull \hbox (badness 10000) in paragraph at lines 531--532

 []


LaTeX Warning: Reference `fig:exploration_score' on page 20 undefined on input 
line 535.


Underfull \hbox (badness 10000) in paragraph at lines 535--536

 []

<../plots/eta_expl_cost.pdf, id=465, 433.62pt x 289.08pt>
File: ../plots/eta_expl_cost.pdf Graphic file (type pdf)

<use ../plots/eta_expl_cost.pdf>
Package pdftex.def Info: ../plots/eta_expl_cost.pdf used on input line 541.
(pdftex.def)             Requested size: 184.9429pt x 123.29626pt.

<../plots/gamma_expl_cost.pdf, id=466, 433.62pt x 289.08pt>
File: ../plots/gamma_expl_cost.pdf Graphic file (type pdf)

<use ../plots/gamma_expl_cost.pdf>
Package pdftex.def Info: ../plots/gamma_expl_cost.pdf used on input line 545.
(pdftex.def)             Requested size: 184.9429pt x 123.29626pt.

<../plots/Bt_expl_cost.pdf, id=467, 433.62pt x 289.08pt>
File: ../plots/Bt_expl_cost.pdf Graphic file (type pdf)

<use ../plots/Bt_expl_cost.pdf>
Package pdftex.def Info: ../plots/Bt_expl_cost.pdf used on input line 549.
(pdftex.def)             Requested size: 184.9429pt x 123.29626pt.
LaTeX Font Info:    External font `cmex10' loaded for size
(Font)              <14.4> on input line 556.
LaTeX Font Info:    External font `cmex10' loaded for size
(Font)              <7> on input line 556.


Package natbib Warning: Citation `neu2015first' on page 20 undefined on input l
ine 558.


Underfull \hbox (badness 10000) in paragraph at lines 558--559

 []

[20]
Underfull \hbox (badness 10000) in paragraph at lines 560--561

 []

[21 <../plots/eta_expl_cost.pdf> <../plots/gamma_expl_cost.pdf

pdfTeX warning: pdflatex (file ../plots/gamma_expl_cost.pdf): PDF inclusion: mu
ltiple pdfs with page group included in a single page
> <../plots/Bt_expl_cost.pdf

pdfTeX warning: pdflatex (file ../plots/Bt_expl_cost.pdf): PDF inclusion: multi
ple pdfs with page group included in a single page
>]

LaTeX Warning: Reference `fig:exploration_score' on page 22 undefined on input 
line 562.


Underfull \hbox (badness 10000) in paragraph at lines 562--563

 []


Underfull \hbox (badness 10000) in paragraph at lines 567--568

 []


Underfull \hbox (badness 2221) in paragraph at lines 574--574
[]\OT1/cmr/m/n/12 Cost over it-er-a-
 []


Underfull \hbox (badness 10000) in paragraph at lines 574--574
[]\OT1/cmr/m/n/12 4000-
 []


Underfull \hbox (badness 10000) in paragraph at lines 574--574
[]\OT1/cmr/m/n/12 5000-
 []


Underfull \hbox (badness 10000) in paragraph at lines 574--574
[]\OT1/cmr/m/n/12 9000-
 []


Underfull \hbox (badness 10000) in paragraph at lines 574--575
[]\OT1/cmr/m/n/12 total
 []


Overfull \hbox (2.67163pt too wide) in paragraph at lines 570--580
[][] 
 []


LaTeX Warning: Reference `fig:gamma-effect' on page 22 undefined on input line 
583.


Underfull \hbox (badness 10000) in paragraph at lines 583--584

 []

<../plots/changing_gamma_cumul_cost.jpg, id=562, 433.62pt x 289.08pt>
File: ../plots/changing_gamma_cumul_cost.jpg Graphic file (type jpg)

<use ../plots/changing_gamma_cumul_cost.jpg>
Package pdftex.def Info: ../plots/changing_gamma_cumul_cost.jpg used on input l
ine 589.
(pdftex.def)             Requested size: 284.52756pt x 189.69504pt.
 [22] [23 <../plots/changing_gamma_cumul_cost.jpg>]
Overfull \hbox (5.49268pt too wide) in paragraph at lines 603--604
\OT1/cmr/m/n/12 stochas-tic or ad-ver-sar-ial frame-work in mind. For Com-bUCB1
 and CombLinTS
 []


Underfull \hbox (badness 10000) in paragraph at lines 603--604

 []


Underfull \hbox (badness 10000) in paragraph at lines 605--606

 []

[24]
No file report.bbl.

Package natbib Warning: There were undefined citations.

(./report.aux)

LaTeX Warning: There were undefined references.


LaTeX Warning: Label(s) may have changed. Rerun to get cross-references right.

 ) 
Here is how much of TeX's memory you used:
 3333 strings out of 494953
 53129 string characters out of 6180977
 118658 words of memory out of 5000000
 6578 multiletter control sequences out of 15000+600000
 12552 words of font info for 43 fonts, out of 8000000 for 9000
 14 hyphenation exceptions out of 8191
 42i,11n,40p,1374b,461s stack positions out of 5000i,500n,10000p,200000b,80000s
</usr/share/texlive/texmf-dist/fonts/type1/public/amsfonts/cm/cmbx12.pfb></us
r/share/texlive/texmf-dist/fonts/type1/public/amsfonts/cm/cmcsc10.pfb></usr/sha
re/texlive/texmf-dist/fonts/type1/public/amsfonts/cm/cmex10.pfb></usr/share/tex
live/texmf-dist/fonts/type1/public/amsfonts/cm/cmmi10.pfb></usr/share/texlive/t
exmf-dist/fonts/type1/public/amsfonts/cm/cmmi12.pfb></usr/share/texlive/texmf-d
ist/fonts/type1/public/amsfonts/cm/cmmi6.pfb></usr/share/texlive/texmf-dist/fon
ts/type1/public/amsfonts/cm/cmmi8.pfb></usr/share/texlive/texmf-dist/fonts/type
1/public/amsfonts/cm/cmr10.pfb></usr/share/texlive/texmf-dist/fonts/type1/publi
c/amsfonts/cm/cmr12.pfb></usr/share/texlive/texmf-dist/fonts/type1/public/amsfo
nts/cm/cmr17.pfb></usr/share/texlive/texmf-dist/fonts/type1/public/amsfonts/cm/
cmr6.pfb></usr/share/texlive/texmf-dist/fonts/type1/public/amsfonts/cm/cmr8.pfb
></usr/share/texlive/texmf-dist/fonts/type1/public/amsfonts/cm/cmsy10.pfb></usr
/share/texlive/texmf-dist/fonts/type1/public/amsfonts/cm/cmsy6.pfb></usr/share/
texlive/texmf-dist/fonts/type1/public/amsfonts/cm/cmsy8.pfb></usr/share/texlive
/texmf-dist/fonts/type1/public/amsfonts/cm/cmti12.pfb>
Output written on report.pdf (25 pages, 5624231 bytes).
PDF statistics:
 624 PDF objects out of 1000 (max. 8388607)
 174 compressed objects within 2 object streams
 0 named destinations out of 1000 (max. 500000)
 96 words of extra memory for PDF output out of 10000 (max. 10000000)

